<?xml version="1.0" encoding="UTF-8"?>
<!-- Generated by org.testng.reporters.JUnitReportReporter -->
<testsuite hostname="DESKTOP-TDJ19HC" failures="0" tests="3" name="TesNg" time="0.017" errors="0" timestamp="2023-05-13T20:13:41 IST" skipped="0">
  <testcase classname="TesNg" name="test" time="0.015"/>
  <system-out/>
  <testcase classname="TesNg" name="setup" time="0.001"/>
  <system-out/>
  <testcase classname="TesNg" name="urname" time="0.001"/>
  <system-out/>
</testsuite> <!-- TesNg -->
